2022-12-22 01:43:33.312  INFO 9093 --- [restartedMain] com.edu.bookms.BookmsApplication         : Starting BookmsApplication using Java 11.0.17 on sask-VirtualBox with PID 9093 (/home/sask/Documents/edureka/edureka-ms-cert/bookms/target/classes started by sask in /home/sask/Documents/edureka/edureka-ms-cert/bookms)
2022-12-22 01:43:33.361  INFO 9093 --- [restartedMain] com.edu.bookms.BookmsApplication         : No active profile set, falling back to 1 default profile: "default"
2022-12-22 01:43:33.716  INFO 9093 --- [restartedMain] .e.DevToolsPropertyDefaultsPostProcessor : For additional web related logging consider setting the 'logging.level.web' property to 'DEBUG'
2022-12-22 01:43:38.330  INFO 9093 --- [restartedMain] .s.d.r.c.RepositoryConfigurationDelegate : Bootstrapping Spring Data JPA repositories in DEFAULT mode.
2022-12-22 01:43:38.577  INFO 9093 --- [restartedMain] .s.d.r.c.RepositoryConfigurationDelegate : Finished Spring Data repository scanning in 231 ms. Found 1 JPA repository interfaces.
2022-12-22 01:43:39.612  INFO 9093 --- [restartedMain] o.s.cloud.context.scope.GenericScope     : BeanFactory id=2e5156a5-6e11-3d29-aa54-00ec4e628edf
2022-12-22 01:43:40.131  INFO 9093 --- [restartedMain] trationDelegate$BeanPostProcessorChecker : Bean 'org.springframework.cloud.client.loadbalancer.reactive.LoadBalancerBeanPostProcessorAutoConfiguration' of type [org.springframework.cloud.client.loadbalancer.reactive.LoadBalancerBeanPostProcessorAutoConfiguration] is not eligible for getting processed by all BeanPostProcessors (for example: not eligible for auto-proxying)
2022-12-22 01:43:40.135  INFO 9093 --- [restartedMain] trationDelegate$BeanPostProcessorChecker : Bean 'org.springframework.cloud.client.loadbalancer.reactive.LoadBalancerBeanPostProcessorAutoConfiguration$ReactorDeferringLoadBalancerFilterConfig' of type [org.springframework.cloud.client.loadbalancer.reactive.LoadBalancerBeanPostProcessorAutoConfiguration$ReactorDeferringLoadBalancerFilterConfig] is not eligible for getting processed by all BeanPostProcessors (for example: not eligible for auto-proxying)
2022-12-22 01:43:40.151  INFO 9093 --- [restartedMain] trationDelegate$BeanPostProcessorChecker : Bean 'reactorDeferringLoadBalancerExchangeFilterFunction' of type [org.springframework.cloud.client.loadbalancer.reactive.DeferringLoadBalancerExchangeFilterFunction] is not eligible for getting processed by all BeanPostProcessors (for example: not eligible for auto-proxying)
2022-12-22 01:43:41.368  INFO 9093 --- [restartedMain] o.s.b.w.embedded.tomcat.TomcatWebServer  : Tomcat initialized with port(s): 8097 (http)
2022-12-22 01:43:41.396  INFO 9093 --- [restartedMain] o.apache.catalina.core.StandardService   : Starting service [Tomcat]
2022-12-22 01:43:41.402  INFO 9093 --- [restartedMain] org.apache.catalina.core.StandardEngine  : Starting Servlet engine: [Apache Tomcat/9.0.65]
2022-12-22 01:43:41.787  INFO 9093 --- [restartedMain] o.a.c.c.C.[Tomcat].[localhost].[/]       : Initializing Spring embedded WebApplicationContext
2022-12-22 01:43:41.788  INFO 9093 --- [restartedMain] w.s.c.ServletWebServerApplicationContext : Root WebApplicationContext: initialization completed in 8064 ms
2022-12-22 01:43:42.185  INFO 9093 --- [restartedMain] com.zaxxer.hikari.HikariDataSource       : HikariPool-1 - Starting...
2022-12-22 01:43:42.444  INFO 9093 --- [restartedMain] com.zaxxer.hikari.HikariDataSource       : HikariPool-1 - Start completed.
2022-12-22 01:43:42.491  INFO 9093 --- [restartedMain] o.s.b.a.h2.H2ConsoleAutoConfiguration    : H2 console available at '/h2-console'. Database available at 'jdbc:h2:mem:bookdb'
2022-12-22 01:43:43.511  INFO 9093 --- [restartedMain] o.hibernate.jpa.internal.util.LogHelper  : HHH000204: Processing PersistenceUnitInfo [name: default]
2022-12-22 01:43:43.842  INFO 9093 --- [restartedMain] org.hibernate.Version                    : HHH000412: Hibernate ORM core version 5.6.11.Final
2022-12-22 01:43:44.428  INFO 9093 --- [restartedMain] o.hibernate.annotations.common.Version   : HCANN000001: Hibernate Commons Annotations {5.1.2.Final}
2022-12-22 01:43:44.691  INFO 9093 --- [restartedMain] org.hibernate.dialect.Dialect            : HHH000400: Using dialect: org.hibernate.dialect.H2Dialect
2022-12-22 01:43:47.388  INFO 9093 --- [restartedMain] o.h.t.schema.internal.SchemaCreatorImpl  : HHH000476: Executing import script 'file:/home/sask/Documents/edureka/edureka-ms-cert/bookms/target/classes/import.sql'
2022-12-22 01:43:47.406  INFO 9093 --- [restartedMain] o.h.e.t.j.p.i.JtaPlatformInitiator       : HHH000490: Using JtaPlatform implementation: [org.hibernate.engine.transaction.jta.platform.internal.NoJtaPlatform]
2022-12-22 01:43:47.470  INFO 9093 --- [restartedMain] j.LocalContainerEntityManagerFactoryBean : Initialized JPA EntityManagerFactory for persistence unit 'default'
2022-12-22 01:43:50.432  INFO 9093 --- [restartedMain] o.s.b.a.e.web.EndpointLinksResolver      : Exposing 5 endpoint(s) beneath base path '/actuator'
2022-12-22 01:43:50.496  INFO 9093 --- [restartedMain] o.s.s.web.DefaultSecurityFilterChain     : Will secure any request with [org.springframework.security.web.session.DisableEncodeUrlFilter@62d594fc, org.springframework.security.web.context.request.async.WebAsyncManagerIntegrationFilter@31e62b0a, org.springframework.security.web.context.SecurityContextPersistenceFilter@58de4d94, org.springframework.security.web.header.HeaderWriterFilter@4b960d01, org.springframework.web.filter.CorsFilter@124d35d4, org.springframework.security.web.csrf.CsrfFilter@75f9bc54, org.springframework.security.web.authentication.logout.LogoutFilter@1c49c88a, org.springframework.security.web.authentication.UsernamePasswordAuthenticationFilter@5604cea3, org.springframework.security.web.authentication.ui.DefaultLoginPageGeneratingFilter@4842098b, org.springframework.security.web.authentication.ui.DefaultLogoutPageGeneratingFilter@114e0f96, org.springframework.security.web.authentication.www.BasicAuthenticationFilter@3378d0f0, org.springframework.security.web.savedrequest.RequestCacheAwareFilter@3a563636, org.springframework.security.web.servletapi.SecurityContextHolderAwareRequestFilter@1b6c504a, org.springframework.security.web.authentication.AnonymousAuthenticationFilter@5f721b37, org.springframework.security.web.session.SessionManagementFilter@54b874d1, org.springframework.security.web.access.ExceptionTranslationFilter@cc87fa3, org.springframework.security.web.access.intercept.FilterSecurityInterceptor@3d5ac224]
2022-12-22 01:43:51.964  INFO 9093 --- [restartedMain] o.s.b.d.a.OptionalLiveReloadServer       : LiveReload server is running on port 35729
2022-12-22 01:43:52.026  INFO 9093 --- [restartedMain] DiscoveryClientOptionalArgsConfiguration : Eureka HTTP Client uses RestTemplate.
2022-12-22 01:43:52.355  WARN 9093 --- [restartedMain] iguration$LoadBalancerCaffeineWarnLogger : Spring Cloud LoadBalancer is currently working with the default cache. While this cache implementation is useful for development and tests, it's recommended to use Caffeine cache in production.You can switch to using Caffeine cache, by adding it and org.springframework.cache.caffeine.CaffeineCacheManager to the classpath.
2022-12-22 01:43:52.696  INFO 9093 --- [restartedMain] o.s.c.n.eureka.InstanceInfoFactory       : Setting initial instance status as: STARTING
2022-12-22 01:43:53.226  INFO 9093 --- [restartedMain] com.netflix.discovery.DiscoveryClient    : Initializing Eureka in region us-east-1
2022-12-22 01:43:53.247  INFO 9093 --- [restartedMain] c.n.d.s.r.aws.ConfigClusterResolver      : Resolving eureka endpoints via configuration
2022-12-22 01:43:53.450  INFO 9093 --- [restartedMain] com.netflix.discovery.DiscoveryClient    : Disable delta property : false
2022-12-22 01:43:53.458  INFO 9093 --- [restartedMain] com.netflix.discovery.DiscoveryClient    : Single vip registry refresh property : null
2022-12-22 01:43:53.470  INFO 9093 --- [restartedMain] com.netflix.discovery.DiscoveryClient    : Force full registry fetch : false
2022-12-22 01:43:53.473  INFO 9093 --- [restartedMain] com.netflix.discovery.DiscoveryClient    : Application is null : false
2022-12-22 01:43:53.473  INFO 9093 --- [restartedMain] com.netflix.discovery.DiscoveryClient    : Registered Applications size is zero : true
2022-12-22 01:43:53.474  INFO 9093 --- [restartedMain] com.netflix.discovery.DiscoveryClient    : Application version is -1: true
2022-12-22 01:43:53.478  INFO 9093 --- [restartedMain] com.netflix.discovery.DiscoveryClient    : Getting all instance registry info from the eureka server
2022-12-22 01:43:56.297  INFO 9093 --- [restartedMain] com.netflix.discovery.DiscoveryClient    : The response status is 200
2022-12-22 01:43:56.319  INFO 9093 --- [restartedMain] com.netflix.discovery.DiscoveryClient    : Starting heartbeat executor: renew interval is: 30
2022-12-22 01:43:56.325  INFO 9093 --- [restartedMain] c.n.discovery.InstanceInfoReplicator     : InstanceInfoReplicator onDemand update allowed rate per min is 4
2022-12-22 01:43:56.361  INFO 9093 --- [restartedMain] com.netflix.discovery.DiscoveryClient    : Discovery Client initialized at timestamp 1671691436358 with initial instances count: 2
2022-12-22 01:43:56.373  INFO 9093 --- [restartedMain] o.s.c.n.e.s.EurekaServiceRegistry        : Registering application BOOKMS with eureka with status UP
2022-12-22 01:43:56.374  INFO 9093 --- [restartedMain] com.netflix.discovery.DiscoveryClient    : Saw local status change event StatusChangeEvent [timestamp=1671691436374, current=UP, previous=STARTING]
2022-12-22 01:43:56.381  INFO 9093 --- [DiscoveryClient-InstanceInfoReplicator-0] com.netflix.discovery.DiscoveryClient    : DiscoveryClient_BOOKMS/192.168.2.156:BOOKMS:8097: registering service...
2022-12-22 01:43:56.568  INFO 9093 --- [DiscoveryClient-InstanceInfoReplicator-0] com.netflix.discovery.DiscoveryClient    : DiscoveryClient_BOOKMS/192.168.2.156:BOOKMS:8097 - registration status: 204
2022-12-22 01:43:56.618  INFO 9093 --- [restartedMain] o.s.b.w.embedded.tomcat.TomcatWebServer  : Tomcat started on port(s): 8097 (http) with context path ''
2022-12-22 01:43:56.621  INFO 9093 --- [restartedMain] .s.c.n.e.s.EurekaAutoServiceRegistration : Updating port to 8097
2022-12-22 01:43:56.686  INFO 9093 --- [restartedMain] com.edu.bookms.BookmsApplication         : Started BookmsApplication in 25.695 seconds (JVM running for 27.582)
